Determining if the pthread_create exist failed with the following output:
Change Dir: /home/feras/Documents/fac/lifprojet/test/projetkf/dlib-19.19/examples/build/CMakeFiles/CMakeTmp

Run Build Command:"/usr/bin/make" "cmTC_ad2c8/fast"
/usr/bin/make -f CMakeFiles/cmTC_ad2c8.dir/build.make CMakeFiles/cmTC_ad2c8.dir/build
make[1]: Entering directory '/home/feras/Documents/fac/lifprojet/test/projetkf/dlib-19.19/examples/build/CMakeFiles/CMakeTmp'
Building C object CMakeFiles/cmTC_ad2c8.dir/CheckSymbolExists.c.o
/usr/bin/cc    -o CMakeFiles/cmTC_ad2c8.dir/CheckSymbolExists.c.o   -c /home/feras/Documents/fac/lifprojet/test/projetkf/dlib-19.19/examples/build/CMakeFiles/CMakeTmp/CheckSymbolExists.c
Linking C executable cmTC_ad2c8
/usr/bin/cmake -E cmake_link_script CMakeFiles/cmTC_ad2c8.dir/link.txt --verbose=1
/usr/bin/cc      -rdynamic CMakeFiles/cmTC_ad2c8.dir/CheckSymbolExists.c.o  -o cmTC_ad2c8 
/usr/bin/ld: CMakeFiles/cmTC_ad2c8.dir/CheckSymbolExists.c.o: in function `main':
CheckSymbolExists.c:(.text+0x1f): undefined reference to `pthread_create'
collect2: error: ld returned 1 exit status
make[1]: *** [CMakeFiles/cmTC_ad2c8.dir/build.make:87: cmTC_ad2c8] Error 1
make[1]: Leaving directory '/home/feras/Documents/fac/lifprojet/test/projetkf/dlib-19.19/examples/build/CMakeFiles/CMakeTmp'
make: *** [Makefile:121: cmTC_ad2c8/fast] Error 2

File /home/feras/Documents/fac/lifprojet/test/projetkf/dlib-19.19/examples/build/CMakeFiles/CMakeTmp/CheckSymbolExists.c:
/* */
#include <pthread.h>

int main(int argc, char** argv)
{
  (void)argv;
#ifndef pthread_create
  return ((int*)(&pthread_create))[argc];
#else
  (void)argc;
  return 0;
#endif
}

Determining if the function pthread_create exists in the pthreads failed with the following output:
Change Dir: /home/feras/Documents/fac/lifprojet/test/projetkf/dlib-19.19/examples/build/CMakeFiles/CMakeTmp

Run Build Command:"/usr/bin/make" "cmTC_08434/fast"
/usr/bin/make -f CMakeFiles/cmTC_08434.dir/build.make CMakeFiles/cmTC_08434.dir/build
make[1]: Entering directory '/home/feras/Documents/fac/lifprojet/test/projetkf/dlib-19.19/examples/build/CMakeFiles/CMakeTmp'
Building C object CMakeFiles/cmTC_08434.dir/CheckFunctionExists.c.o
/usr/bin/cc   -DCHECK_FUNCTION_EXISTS=pthread_create   -o CMakeFiles/cmTC_08434.dir/CheckFunctionExists.c.o   -c /usr/share/cmake-3.13/Modules/CheckFunctionExists.c
Linking C executable cmTC_08434
/usr/bin/cmake -E cmake_link_script CMakeFiles/cmTC_08434.dir/link.txt --verbose=1
/usr/bin/cc  -DCHECK_FUNCTION_EXISTS=pthread_create    -rdynamic CMakeFiles/cmTC_08434.dir/CheckFunctionExists.c.o  -o cmTC_08434 -lpthreads 
/usr/bin/ld: cannot find -lpthreads
collect2: error: ld returned 1 exit status
make[1]: *** [CMakeFiles/cmTC_08434.dir/build.make:87: cmTC_08434] Error 1
make[1]: Leaving directory '/home/feras/Documents/fac/lifprojet/test/projetkf/dlib-19.19/examples/build/CMakeFiles/CMakeTmp'
make: *** [Makefile:121: cmTC_08434/fast] Error 2


Determining if the function sgesv exists failed with the following output:
Change Dir: /home/feras/Documents/fac/lifprojet/test/projetkf/dlib-19.19/examples/build/CMakeFiles/CMakeTmp

Run Build Command:"/usr/bin/make" "cmTC_8d659/fast"
/usr/bin/make -f CMakeFiles/cmTC_8d659.dir/build.make CMakeFiles/cmTC_8d659.dir/build
make[1]: Entering directory '/home/feras/Documents/fac/lifprojet/test/projetkf/dlib-19.19/examples/build/CMakeFiles/CMakeTmp'
Building C object CMakeFiles/cmTC_8d659.dir/CheckFunctionExists.c.o
/usr/bin/cc   -DCHECK_FUNCTION_EXISTS=sgesv   -o CMakeFiles/cmTC_8d659.dir/CheckFunctionExists.c.o   -c /usr/share/cmake-3.13/Modules/CheckFunctionExists.c
Linking C executable cmTC_8d659
/usr/bin/cmake -E cmake_link_script CMakeFiles/cmTC_8d659.dir/link.txt --verbose=1
/usr/bin/cc  -DCHECK_FUNCTION_EXISTS=sgesv    -rdynamic CMakeFiles/cmTC_8d659.dir/CheckFunctionExists.c.o  -o cmTC_8d659 
/usr/bin/ld: CMakeFiles/cmTC_8d659.dir/CheckFunctionExists.c.o: in function `main':
CheckFunctionExists.c:(.text+0x14): undefined reference to `sgesv'
collect2: error: ld returned 1 exit status
make[1]: *** [CMakeFiles/cmTC_8d659.dir/build.make:87: cmTC_8d659] Error 1
make[1]: Leaving directory '/home/feras/Documents/fac/lifprojet/test/projetkf/dlib-19.19/examples/build/CMakeFiles/CMakeTmp'
make: *** [Makefile:121: cmTC_8d659/fast] Error 2


Determining if the function sgesv_ exists failed with the following output:
Change Dir: /home/feras/Documents/fac/lifprojet/test/projetkf/dlib-19.19/examples/build/CMakeFiles/CMakeTmp

Run Build Command:"/usr/bin/make" "cmTC_80ea2/fast"
/usr/bin/make -f CMakeFiles/cmTC_80ea2.dir/build.make CMakeFiles/cmTC_80ea2.dir/build
make[1]: Entering directory '/home/feras/Documents/fac/lifprojet/test/projetkf/dlib-19.19/examples/build/CMakeFiles/CMakeTmp'
Building C object CMakeFiles/cmTC_80ea2.dir/CheckFunctionExists.c.o
/usr/bin/cc   -DCHECK_FUNCTION_EXISTS=sgesv_   -o CMakeFiles/cmTC_80ea2.dir/CheckFunctionExists.c.o   -c /usr/share/cmake-3.13/Modules/CheckFunctionExists.c
Linking C executable cmTC_80ea2
/usr/bin/cmake -E cmake_link_script CMakeFiles/cmTC_80ea2.dir/link.txt --verbose=1
/usr/bin/cc  -DCHECK_FUNCTION_EXISTS=sgesv_    -rdynamic CMakeFiles/cmTC_80ea2.dir/CheckFunctionExists.c.o  -o cmTC_80ea2 
/usr/bin/ld: CMakeFiles/cmTC_80ea2.dir/CheckFunctionExists.c.o: in function `main':
CheckFunctionExists.c:(.text+0x14): undefined reference to `sgesv_'
collect2: error: ld returned 1 exit status
make[1]: *** [CMakeFiles/cmTC_80ea2.dir/build.make:87: cmTC_80ea2] Error 1
make[1]: Leaving directory '/home/feras/Documents/fac/lifprojet/test/projetkf/dlib-19.19/examples/build/CMakeFiles/CMakeTmp'
make: *** [Makefile:121: cmTC_80ea2/fast] Error 2


