Determining if the pthread_create exist failed with the following output:
Change Dir: /home/feras/Documents/fac/lifprojet/test/projetkf/dlib-19.19/build/CMakeFiles/CMakeTmp

Run Build Command:"/usr/bin/make" "cmTC_ca6d0/fast"
/usr/bin/make -f CMakeFiles/cmTC_ca6d0.dir/build.make CMakeFiles/cmTC_ca6d0.dir/build
make[1]: Entering directory '/home/feras/Documents/fac/lifprojet/test/projetkf/dlib-19.19/build/CMakeFiles/CMakeTmp'
Building C object CMakeFiles/cmTC_ca6d0.dir/CheckSymbolExists.c.o
/usr/bin/cc    -o CMakeFiles/cmTC_ca6d0.dir/CheckSymbolExists.c.o   -c /home/feras/Documents/fac/lifprojet/test/projetkf/dlib-19.19/build/CMakeFiles/CMakeTmp/CheckSymbolExists.c
Linking C executable cmTC_ca6d0
/usr/bin/cmake -E cmake_link_script CMakeFiles/cmTC_ca6d0.dir/link.txt --verbose=1
/usr/bin/cc      -rdynamic CMakeFiles/cmTC_ca6d0.dir/CheckSymbolExists.c.o  -o cmTC_ca6d0 
/usr/bin/ld: CMakeFiles/cmTC_ca6d0.dir/CheckSymbolExists.c.o: in function `main':
CheckSymbolExists.c:(.text+0x1f): undefined reference to `pthread_create'
collect2: error: ld returned 1 exit status
make[1]: *** [CMakeFiles/cmTC_ca6d0.dir/build.make:87: cmTC_ca6d0] Error 1
make[1]: Leaving directory '/home/feras/Documents/fac/lifprojet/test/projetkf/dlib-19.19/build/CMakeFiles/CMakeTmp'
make: *** [Makefile:121: cmTC_ca6d0/fast] Error 2

File /home/feras/Documents/fac/lifprojet/test/projetkf/dlib-19.19/build/CMakeFiles/CMakeTmp/CheckSymbolExists.c:
/* */
#include <pthread.h>

int main(int argc, char** argv)
{
  (void)argv;
#ifndef pthread_create
  return ((int*)(&pthread_create))[argc];
#else
  (void)argc;
  return 0;
#endif
}

Determining if the function pthread_create exists in the pthreads failed with the following output:
Change Dir: /home/feras/Documents/fac/lifprojet/test/projetkf/dlib-19.19/build/CMakeFiles/CMakeTmp

Run Build Command:"/usr/bin/make" "cmTC_0dea5/fast"
/usr/bin/make -f CMakeFiles/cmTC_0dea5.dir/build.make CMakeFiles/cmTC_0dea5.dir/build
make[1]: Entering directory '/home/feras/Documents/fac/lifprojet/test/projetkf/dlib-19.19/build/CMakeFiles/CMakeTmp'
Building C object CMakeFiles/cmTC_0dea5.dir/CheckFunctionExists.c.o
/usr/bin/cc   -DCHECK_FUNCTION_EXISTS=pthread_create   -o CMakeFiles/cmTC_0dea5.dir/CheckFunctionExists.c.o   -c /usr/share/cmake-3.13/Modules/CheckFunctionExists.c
Linking C executable cmTC_0dea5
/usr/bin/cmake -E cmake_link_script CMakeFiles/cmTC_0dea5.dir/link.txt --verbose=1
/usr/bin/cc  -DCHECK_FUNCTION_EXISTS=pthread_create    -rdynamic CMakeFiles/cmTC_0dea5.dir/CheckFunctionExists.c.o  -o cmTC_0dea5 -lpthreads 
/usr/bin/ld: cannot find -lpthreads
collect2: error: ld returned 1 exit status
make[1]: *** [CMakeFiles/cmTC_0dea5.dir/build.make:87: cmTC_0dea5] Error 1
make[1]: Leaving directory '/home/feras/Documents/fac/lifprojet/test/projetkf/dlib-19.19/build/CMakeFiles/CMakeTmp'
make: *** [Makefile:121: cmTC_0dea5/fast] Error 2


Determining if the function sgesv exists failed with the following output:
Change Dir: /home/feras/Documents/fac/lifprojet/test/projetkf/dlib-19.19/build/CMakeFiles/CMakeTmp

Run Build Command:"/usr/bin/make" "cmTC_cb20a/fast"
/usr/bin/make -f CMakeFiles/cmTC_cb20a.dir/build.make CMakeFiles/cmTC_cb20a.dir/build
make[1]: Entering directory '/home/feras/Documents/fac/lifprojet/test/projetkf/dlib-19.19/build/CMakeFiles/CMakeTmp'
Building C object CMakeFiles/cmTC_cb20a.dir/CheckFunctionExists.c.o
/usr/bin/cc   -DCHECK_FUNCTION_EXISTS=sgesv   -o CMakeFiles/cmTC_cb20a.dir/CheckFunctionExists.c.o   -c /usr/share/cmake-3.13/Modules/CheckFunctionExists.c
Linking C executable cmTC_cb20a
/usr/bin/cmake -E cmake_link_script CMakeFiles/cmTC_cb20a.dir/link.txt --verbose=1
/usr/bin/cc  -DCHECK_FUNCTION_EXISTS=sgesv    -rdynamic CMakeFiles/cmTC_cb20a.dir/CheckFunctionExists.c.o  -o cmTC_cb20a 
/usr/bin/ld: CMakeFiles/cmTC_cb20a.dir/CheckFunctionExists.c.o: in function `main':
CheckFunctionExists.c:(.text+0x14): undefined reference to `sgesv'
collect2: error: ld returned 1 exit status
make[1]: *** [CMakeFiles/cmTC_cb20a.dir/build.make:87: cmTC_cb20a] Error 1
make[1]: Leaving directory '/home/feras/Documents/fac/lifprojet/test/projetkf/dlib-19.19/build/CMakeFiles/CMakeTmp'
make: *** [Makefile:121: cmTC_cb20a/fast] Error 2


Determining if the function sgesv_ exists failed with the following output:
Change Dir: /home/feras/Documents/fac/lifprojet/test/projetkf/dlib-19.19/build/CMakeFiles/CMakeTmp

Run Build Command:"/usr/bin/make" "cmTC_f4ea1/fast"
/usr/bin/make -f CMakeFiles/cmTC_f4ea1.dir/build.make CMakeFiles/cmTC_f4ea1.dir/build
make[1]: Entering directory '/home/feras/Documents/fac/lifprojet/test/projetkf/dlib-19.19/build/CMakeFiles/CMakeTmp'
Building C object CMakeFiles/cmTC_f4ea1.dir/CheckFunctionExists.c.o
/usr/bin/cc   -DCHECK_FUNCTION_EXISTS=sgesv_   -o CMakeFiles/cmTC_f4ea1.dir/CheckFunctionExists.c.o   -c /usr/share/cmake-3.13/Modules/CheckFunctionExists.c
Linking C executable cmTC_f4ea1
/usr/bin/cmake -E cmake_link_script CMakeFiles/cmTC_f4ea1.dir/link.txt --verbose=1
/usr/bin/cc  -DCHECK_FUNCTION_EXISTS=sgesv_    -rdynamic CMakeFiles/cmTC_f4ea1.dir/CheckFunctionExists.c.o  -o cmTC_f4ea1 
/usr/bin/ld: CMakeFiles/cmTC_f4ea1.dir/CheckFunctionExists.c.o: in function `main':
CheckFunctionExists.c:(.text+0x14): undefined reference to `sgesv_'
collect2: error: ld returned 1 exit status
make[1]: *** [CMakeFiles/cmTC_f4ea1.dir/build.make:87: cmTC_f4ea1] Error 1
make[1]: Leaving directory '/home/feras/Documents/fac/lifprojet/test/projetkf/dlib-19.19/build/CMakeFiles/CMakeTmp'
make: *** [Makefile:121: cmTC_f4ea1/fast] Error 2


